# JRE version: OpenJDK Runtime Environment Temurin-21.0.11+10 (21.0.11+10) (build 21.0.11+10-LTS)
# Java VM: OpenJDK 64-Bit Server VM Temurin-21.0.11+10 (21.0.11+10-LTS, mixed mode, sharing, tiered, compressed oops, compressed class ptrs, g1 gc, windows-amd64)
GC Precious Log:
 CardTable entry size: 512
 Card Set container configuration: InlinePtr #cards 4 size 8 Array Of Cards #cards 16 size 48 Howl #buckets 8 coarsen threshold 3686 Howl Bitmap #cards 512 size 80 coarsen threshold 460 Card regions per heap region 1 cards per card region 4096
 CPUs: 16 total, 16 available
 Memory: 16077M
 Large Page Support: Disabled
 NUMA Support: Disabled
 Compressed Oops: Enabled (Zero based)
 Heap Region Size: 2M
 Heap Min Capacity: 8M
 Heap Initial Capacity: 252M
 Heap Max Capacity: 4020M
 Pre-touch: Disabled
 Parallel Workers: 13
 Concurrent Workers: 3
 Concurrent Refinement Workers: 13
 Periodic GC: Disabled
Heap:
 garbage-first heap   total 315392K, used 143522K [0x0000000704c00000, 0x0000000800000000)
  region size 2048K, 14 young (28672K), 1 survivors (2048K)
 Metaspace       used 94296K, committed 96128K, reserved 1179648K
  class space    used 9634K, committed 10496K, reserved 1048576K
GC Heap History (20 events):
Event: 311.548 GC heap before
{Heap before GC invocations=63 (full 0):
 garbage-first heap   total 327680K, used 286771K [0x0000000704c00000, 0x0000000800000000)
  region size 2048K, 96 young (196608K), 2 survivors (4096K)
 Metaspace       used 93170K, committed 95104K, reserved 1179648K
  class space    used 9600K, committed 10496K, reserved 1048576K
}
Event: 311.551 GC heap after
{Heap after GC invocations=64 (full 0):
 garbage-first heap   total 327680K, used 97027K [0x0000000704c00000, 0x0000000800000000)
  region size 2048K, 5 young (10240K), 5 survivors (10240K)
 Metaspace       used 93170K, committed 95104K, reserved 1179648K
  class space    used 9600K, committed 10496K, reserved 1048576K
}
Event: 316.035 GC heap before
{Heap before GC invocations=64 (full 0):
 garbage-first heap   total 327680K, used 281347K [0x0000000704c00000, 0x0000000800000000)
  region size 2048K, 96 young (196608K), 5 survivors (10240K)
 Metaspace       used 93494K, committed 95424K, reserved 1179648K
  class space    used 9602K, committed 10496K, reserved 1048576K
}
Event: 316.037 GC heap after
{Heap after GC invocations=65 (full 0):
 garbage-first heap   total 327680K, used 90626K [0x0000000704c00000, 0x0000000800000000)
  region size 2048K, 2 young (4096K), 2 survivors (4096K)
 Metaspace       used 93494K, committed 95424K, reserved 1179648K
  class space    used 9602K, committed 10496K, reserved 1048576K
}
Event: 320.201 GC heap before
{Heap before GC invocations=66 (full 0):
 garbage-first heap   total 315392K, used 272898K [0x0000000704c00000, 0x0000000800000000)
  region size 2048K, 92 young (188416K), 2 survivors (4096K)
 Metaspace       used 93591K, committed 95552K, reserved 1179648K
  class space    used 9602K, committed 10496K, reserved 1048576K
}
Event: 320.206 GC heap after
{Heap after GC invocations=67 (full 0):
 garbage-first heap   total 315392K, used 94629K [0x0000000704c00000, 0x0000000800000000)
  region size 2048K, 4 young (8192K), 4 survivors (8192K)
 Metaspace       used 93591K, committed 95552K, reserved 1179648K
  class space    used 9602K, committed 10496K, reserved 1048576K
}
Event: 325.774 GC heap before
{Heap before GC invocations=67 (full 0):
 garbage-first heap   total 315392K, used 276901K [0x0000000704c00000, 0x0000000800000000)
  region size 2048K, 92 young (188416K), 4 survivors (8192K)
 Metaspace       used 93695K, committed 95616K, reserved 1179648K
  class space    used 9605K, committed 10496K, reserved 1048576K
}
Event: 325.783 GC heap after
{Heap after GC invocations=68 (full 0):
 garbage-first heap   total 315392K, used 112468K [0x0000000704c00000, 0x0000000800000000)
  region size 2048K, 11 young (22528K), 11 survivors (22528K)
 Metaspace       used 93695K, committed 95616K, reserved 1179648K
  class space    used 9605K, committed 10496K, reserved 1048576K
}
Event: 337.754 GC heap before
{Heap before GC invocations=68 (full 0):
 garbage-first heap   total 315392K, used 276308K [0x0000000704c00000, 0x0000000800000000)
  region size 2048K, 92 young (188416K), 11 survivors (22528K)
 Metaspace       used 93723K, committed 95616K, reserved 1179648K
  class space    used 9605K, committed 10496K, reserved 1048576K
}
Event: 337.758 GC heap after
{Heap after GC invocations=69 (full 0):
 garbage-first heap   total 315392K, used 109744K [0x0000000704c00000, 0x0000000800000000)
  region size 2048K, 2 young (4096K), 2 survivors (4096K)
 Metaspace       used 93723K, committed 95616K, reserved 1179648K
  class space    used 9605K, committed 10496K, reserved 1048576K
}
Event: 341.231 GC heap before
{Heap before GC invocations=70 (full 0):
 garbage-first heap   total 315392K, used 283824K [0x0000000704c00000, 0x0000000800000000)
  region size 2048K, 88 young (180224K), 2 survivors (4096K)
 Metaspace       used 93799K, committed 95744K, reserved 1179648K
  class space    used 9605K, committed 10496K, reserved 1048576K
}
Event: 341.234 GC heap after
{Heap after GC invocations=71 (full 0):
 garbage-first heap   total 315392K, used 121133K [0x0000000704c00000, 0x0000000800000000)
  region size 2048K, 8 young (16384K), 8 survivors (16384K)
 Metaspace       used 93799K, committed 95744K, reserved 1179648K
  class space    used 9605K, committed 10496K, reserved 1048576K
}
Event: 350.444 GC heap before
{Heap before GC invocations=71 (full 0):
 garbage-first heap   total 315392K, used 274733K [0x0000000704c00000, 0x0000000800000000)
  region size 2048K, 84 young (172032K), 8 survivors (16384K)
 Metaspace       used 93824K, committed 95744K, reserved 1179648K
  class space    used 9605K, committed 10496K, reserved 1048576K
}
Event: 350.448 GC heap after
{Heap after GC invocations=72 (full 0):
 garbage-first heap   total 315392K, used 121108K [0x0000000704c00000, 0x0000000800000000)
  region size 2048K, 2 young (4096K), 2 survivors (4096K)
 Metaspace       used 93824K, committed 95744K, reserved 1179648K
  class space    used 9605K, committed 10496K, reserved 1048576K
}
Event: 351.987 GC heap before
{Heap before GC invocations=72 (full 0):
 garbage-first heap   total 315392K, used 254228K [0x0000000704c00000, 0x0000000800000000)
  region size 2048K, 69 young (141312K), 2 survivors (4096K)
 Metaspace       used 93852K, committed 95808K, reserved 1179648K
  class space    used 9605K, committed 10496K, reserved 1048576K
}
Event: 351.996 GC heap after
{Heap after GC invocations=73 (full 0):
 garbage-first heap   total 315392K, used 142838K [0x0000000704c00000, 0x0000000800000000)
  region size 2048K, 11 young (22528K), 11 survivors (22528K)
 Metaspace       used 93852K, committed 95808K, reserved 1179648K
  class space    used 9605K, committed 10496K, reserved 1048576K
}
Event: 406.256 GC heap before
{Heap before GC invocations=74 (full 0):
 garbage-first heap   total 315392K, used 263670K [0x0000000704c00000, 0x0000000800000000)
  region size 2048K, 73 young (149504K), 11 survivors (22528K)
 Metaspace       used 94177K, committed 96000K, reserved 1179648K
  class space    used 9634K, committed 10496K, reserved 1048576K
}
Event: 406.261 GC heap after
{Heap after GC invocations=75 (full 0):
 garbage-first heap   total 315392K, used 133170K [0x0000000704c00000, 0x0000000800000000)
  region size 2048K, 2 young (4096K), 2 survivors (4096K)
 Metaspace       used 94177K, committed 96000K, reserved 1179648K
  class space    used 9634K, committed 10496K, reserved 1048576K
}
Event: 413.317 GC heap before
{Heap before GC invocations=75 (full 0):
 garbage-first heap   total 315392K, used 301106K [0x0000000704c00000, 0x0000000800000000)
  region size 2048K, 70 young (143360K), 2 survivors (4096K)
 Metaspace       used 94262K, committed 96128K, reserved 1179648K
  class space    used 9634K, committed 10496K, reserved 1048576K
}
Event: 413.322 GC heap after
{Heap after GC invocations=76 (full 0):
 garbage-first heap   total 315392K, used 118946K [0x0000000704c00000, 0x0000000800000000)
  region size 2048K, 1 young (2048K), 1 survivors (2048K)
 Metaspace       used 94262K, committed 96128K, reserved 1179648K
  class space    used 9634K, committed 10496K, reserved 1048576K
}

